<?xml version="1.0" encoding="UTF-8"?>
<testsuite xmlns:xsi="http://www.w3.org/2001/XMLSchema-instance" xsi:noNamespaceSchemaLocation="https://maven.apache.org/surefire/maven-surefire-plugin/xsd/surefire-test-report.xsd" name="org.scmobile.test.AppTest" time="0.005" tests="1" errors="0" skipped="0" failures="0">
  <properties>
    <property name="sun.desktop" value="windows"/>
    <property name="awt.toolkit" value="sun.awt.windows.WToolkit"/>
    <property name="file.encoding.pkg" value="sun.io"/>
    <property name="java.specification.version" value="1.8"/>
    <property name="sun.cpu.isalist" value="amd64"/>
    <property name="sun.jnu.encoding" value="GBK"/>
    <property name="java.class.path" value="C:\Users\Administrator\Documents\workspace-sts-3.9.0.RELEASE\scmobile-wechat\scmobile-test\target\test-classes;C:\Users\Administrator\Documents\workspace-sts-3.9.0.RELEASE\scmobile-wechat\scmobile-test\target\classes;D:\eclipse_maven\repository\junit\junit\3.8.1\junit-3.8.1.jar;C:\Users\Administrator\Documents\workspace-sts-3.9.0.RELEASE\scmobile-wechat\scmobile-core\target\scmobile-core-0.0.1-SNAPSHOT.jar;C:\Users\Administrator\Documents\workspace-sts-3.9.0.RELEASE\scmobile-wechat\scmobile-model\target\scmobile-model-0.0.1-SNAPSHOT.jar;D:\eclipse_maven\repository\org\springframework\boot\spring-boot-starter-data-jpa\2.0.0.RELEASE\spring-boot-starter-data-jpa-2.0.0.RELEASE.jar;D:\eclipse_maven\repository\org\springframework\boot\spring-boot-starter-aop\2.0.0.RELEASE\spring-boot-starter-aop-2.0.0.RELEASE.jar;D:\eclipse_maven\repository\org\springframework\spring-aop\5.0.4.RELEASE\spring-aop-5.0.4.RELEASE.jar;D:\eclipse_maven\repository\org\aspectj\aspectjweaver\1.8.13\aspectjweaver-1.8.13.jar;D:\eclipse_maven\repository\org\hibernate\hibernate-core\5.2.14.Final\hibernate-core-5.2.14.Final.jar;D:\eclipse_maven\repository\org\jboss\logging\jboss-logging\3.3.2.Final\jboss-logging-3.3.2.Final.jar;D:\eclipse_maven\repository\org\hibernate\javax\persistence\hibernate-jpa-2.1-api\1.0.0.Final\hibernate-jpa-2.1-api-1.0.0.Final.jar;D:\eclipse_maven\repository\org\javassist\javassist\3.22.0-GA\javassist-3.22.0-GA.jar;D:\eclipse_maven\repository\antlr\antlr\2.7.7\antlr-2.7.7.jar;D:\eclipse_maven\repository\org\jboss\jandex\2.0.3.Final\jandex-2.0.3.Final.jar;D:\eclipse_maven\repository\com\fasterxml\classmate\1.3.4\classmate-1.3.4.jar;D:\eclipse_maven\repository\dom4j\dom4j\1.6.1\dom4j-1.6.1.jar;D:\eclipse_maven\repository\org\hibernate\common\hibernate-commons-annotations\5.0.1.Final\hibernate-commons-annotations-5.0.1.Final.jar;D:\eclipse_maven\repository\javax\transaction\javax.transaction-api\1.2\javax.transaction-api-1.2.jar;D:\eclipse_maven\repository\org\springframework\data\spring-data-jpa\2.0.5.RELEASE\spring-data-jpa-2.0.5.RELEASE.jar;D:\eclipse_maven\repository\org\springframework\spring-orm\5.0.4.RELEASE\spring-orm-5.0.4.RELEASE.jar;D:\eclipse_maven\repository\org\springframework\spring-aspects\5.0.4.RELEASE\spring-aspects-5.0.4.RELEASE.jar;D:\eclipse_maven\repository\com\fasterxml\jackson\datatype\jackson-datatype-joda\2.9.4\jackson-datatype-joda-2.9.4.jar;D:\eclipse_maven\repository\com\fasterxml\jackson\core\jackson-annotations\2.9.0\jackson-annotations-2.9.0.jar;D:\eclipse_maven\repository\com\fasterxml\jackson\core\jackson-core\2.9.4\jackson-core-2.9.4.jar;D:\eclipse_maven\repository\com\fasterxml\jackson\core\jackson-databind\2.9.4\jackson-databind-2.9.4.jar;D:\eclipse_maven\repository\joda-time\joda-time\2.9.9\joda-time-2.9.9.jar;C:\Users\Administrator\Documents\workspace-sts-3.9.0.RELEASE\scmobile-wechat\scmobile-persist\target\scmobile-persist-0.0.1-SNAPSHOT.jar;D:\eclipse_maven\repository\mysql\mysql-connector-java\5.1.45\mysql-connector-java-5.1.45.jar;C:\Users\Administrator\Documents\workspace-sts-3.9.0.RELEASE\scmobile-wechat\scmobile-utils\target\scmobile-utils-0.0.1-SNAPSHOT.jar;D:\eclipse_maven\repository\org\apache\commons\commons-collections4\4.1\commons-collections4-4.1.jar;D:\eclipse_maven\repository\org\springframework\boot\spring-boot-starter-web\2.0.0.RELEASE\spring-boot-starter-web-2.0.0.RELEASE.jar;D:\eclipse_maven\repository\org\springframework\boot\spring-boot-starter-json\2.0.0.RELEASE\spring-boot-starter-json-2.0.0.RELEASE.jar;D:\eclipse_maven\repository\com\fasterxml\jackson\datatype\jackson-datatype-jdk8\2.9.4\jackson-datatype-jdk8-2.9.4.jar;D:\eclipse_maven\repository\com\fasterxml\jackson\datatype\jackson-datatype-jsr310\2.9.4\jackson-datatype-jsr310-2.9.4.jar;D:\eclipse_maven\repository\com\fasterxml\jackson\module\jackson-module-parameter-names\2.9.4\jackson-module-parameter-names-2.9.4.jar;D:\eclipse_maven\repository\org\springframework\boot\spring-boot-starter-tomcat\2.0.0.RELEASE\spring-boot-starter-tomcat-2.0.0.RELEASE.jar;D:\eclipse_maven\repository\org\apache\tomcat\embed\tomcat-embed-core\8.5.28\tomcat-embed-core-8.5.28.jar;D:\eclipse_maven\repository\org\apache\tomcat\embed\tomcat-embed-el\8.5.28\tomcat-embed-el-8.5.28.jar;D:\eclipse_maven\repository\org\apache\tomcat\embed\tomcat-embed-websocket\8.5.28\tomcat-embed-websocket-8.5.28.jar;D:\eclipse_maven\repository\org\hibernate\validator\hibernate-validator\6.0.7.Final\hibernate-validator-6.0.7.Final.jar;D:\eclipse_maven\repository\javax\validation\validation-api\2.0.1.Final\validation-api-2.0.1.Final.jar;D:\eclipse_maven\repository\org\springframework\spring-web\5.0.4.RELEASE\spring-web-5.0.4.RELEASE.jar;D:\eclipse_maven\repository\org\springframework\spring-webmvc\5.0.4.RELEASE\spring-webmvc-5.0.4.RELEASE.jar;D:\eclipse_maven\repository\commons-io\commons-io\2.4\commons-io-2.4.jar;D:\eclipse_maven\repository\bcprov-jdk15on\bcprov\1.51\bcprov-1.51.jar;D:\eclipse_maven\repository\bcprov-jdk15on\bcprov-ext-jdk15on\1.51\bcprov-ext-jdk15on-1.51.jar;D:\eclipse_maven\repository\BASE64Decode\BASE64Decode\1.0\BASE64Decode-1.0.jar;D:\eclipse_maven\repository\javabase64\javabase64\1.3.1\javabase64-1.3.1.jar;D:\eclipse_maven\repository\aopalliance\aopalliance\1.0\aopalliance-1.0.jar;D:\eclipse_maven\repository\commons-httpclient\commons-httpclient\3.1\commons-httpclient-3.1.jar;D:\eclipse_maven\repository\commons-logging\commons-logging\1.0.4\commons-logging-1.0.4.jar;D:\eclipse_maven\repository\com\google\code\gson\gson\2.8.2\gson-2.8.2.jar;D:\eclipse_maven\repository\org\mybatis\spring\boot\mybatis-spring-boot-starter\1.2.0\mybatis-spring-boot-starter-1.2.0.jar;D:\eclipse_maven\repository\org\mybatis\spring\boot\mybatis-spring-boot-autoconfigure\1.2.0\mybatis-spring-boot-autoconfigure-1.2.0.jar;D:\eclipse_maven\repository\org\mybatis\mybatis\3.4.2\mybatis-3.4.2.jar;D:\eclipse_maven\repository\org\mybatis\mybatis-spring\1.3.1\mybatis-spring-1.3.1.jar;D:\eclipse_maven\repository\org\springframework\boot\spring-boot-starter-data-redis\2.0.0.RELEASE\spring-boot-starter-data-redis-2.0.0.RELEASE.jar;D:\eclipse_maven\repository\org\springframework\data\spring-data-redis\2.0.5.RELEASE\spring-data-redis-2.0.5.RELEASE.jar;D:\eclipse_maven\repository\org\springframework\data\spring-data-keyvalue\2.0.5.RELEASE\spring-data-keyvalue-2.0.5.RELEASE.jar;D:\eclipse_maven\repository\org\springframework\spring-oxm\5.0.4.RELEASE\spring-oxm-5.0.4.RELEASE.jar;D:\eclipse_maven\repository\org\springframework\spring-context-support\5.0.4.RELEASE\spring-context-support-5.0.4.RELEASE.jar;D:\eclipse_maven\repository\io\lettuce\lettuce-core\5.0.2.RELEASE\lettuce-core-5.0.2.RELEASE.jar;D:\eclipse_maven\repository\io\projectreactor\reactor-core\3.1.5.RELEASE\reactor-core-3.1.5.RELEASE.jar;D:\eclipse_maven\repository\org\reactivestreams\reactive-streams\1.0.2\reactive-streams-1.0.2.jar;D:\eclipse_maven\repository\io\netty\netty-common\4.1.22.Final\netty-common-4.1.22.Final.jar;D:\eclipse_maven\repository\io\netty\netty-transport\4.1.22.Final\netty-transport-4.1.22.Final.jar;D:\eclipse_maven\repository\io\netty\netty-buffer\4.1.22.Final\netty-buffer-4.1.22.Final.jar;D:\eclipse_maven\repository\io\netty\netty-resolver\4.1.22.Final\netty-resolver-4.1.22.Final.jar;D:\eclipse_maven\repository\io\netty\netty-handler\4.1.22.Final\netty-handler-4.1.22.Final.jar;D:\eclipse_maven\repository\io\netty\netty-codec\4.1.22.Final\netty-codec-4.1.22.Final.jar;D:\eclipse_maven\repository\redis\clients\jedis\2.9.0\jedis-2.9.0.jar;D:\eclipse_maven\repository\org\apache\commons\commons-pool2\2.5.0\commons-pool2-2.5.0.jar;D:\eclipse_maven\repository\org\springframework\boot\spring-boot-autoconfigure\2.0.0.RELEASE\spring-boot-autoconfigure-2.0.0.RELEASE.jar;D:\eclipse_maven\repository\org\springframework\boot\spring-boot\2.0.0.RELEASE\spring-boot-2.0.0.RELEASE.jar;C:\Users\Administrator\Documents\workspace-sts-3.9.0.RELEASE\scmobile-wechat\scmobile-common\target\scmobile-common-0.0.1-SNAPSHOT.jar;D:\eclipse_maven\repository\org\springframework\boot\spring-boot-starter\2.0.0.RELEASE\spring-boot-starter-2.0.0.RELEASE.jar;D:\eclipse_maven\repository\org\springframework\boot\spring-boot-starter-logging\2.0.0.RELEASE\spring-boot-starter-logging-2.0.0.RELEASE.jar;D:\eclipse_maven\repository\ch\qos\logback\logback-classic\1.2.3\logback-classic-1.2.3.jar;D:\eclipse_maven\repository\ch\qos\logback\logback-core\1.2.3\logback-core-1.2.3.jar;D:\eclipse_maven\repository\org\apache\logging\log4j\log4j-to-slf4j\2.10.0\log4j-to-slf4j-2.10.0.jar;D:\eclipse_maven\repository\org\apache\logging\log4j\log4j-api\2.10.0\log4j-api-2.10.0.jar;D:\eclipse_maven\repository\org\slf4j\jul-to-slf4j\1.7.25\jul-to-slf4j-1.7.25.jar;D:\eclipse_maven\repository\javax\annotation\javax.annotation-api\1.3.2\javax.annotation-api-1.3.2.jar;D:\eclipse_maven\repository\org\springframework\spring-core\5.0.4.RELEASE\spring-core-5.0.4.RELEASE.jar;D:\eclipse_maven\repository\org\springframework\spring-jcl\5.0.4.RELEASE\spring-jcl-5.0.4.RELEASE.jar;D:\eclipse_maven\repository\org\yaml\snakeyaml\1.19\snakeyaml-1.19.jar;D:\eclipse_maven\repository\org\springframework\boot\spring-boot-starter-jdbc\2.0.0.RELEASE\spring-boot-starter-jdbc-2.0.0.RELEASE.jar;D:\eclipse_maven\repository\com\zaxxer\HikariCP\2.7.8\HikariCP-2.7.8.jar;D:\eclipse_maven\repository\org\springframework\spring-jdbc\5.0.4.RELEASE\spring-jdbc-5.0.4.RELEASE.jar;D:\eclipse_maven\repository\com\squareup\okhttp3\okhttp\3.3.1\okhttp-3.3.1.jar;D:\eclipse_maven\repository\com\squareup\okio\okio\1.8.0\okio-1.8.0.jar;D:\eclipse_maven\repository\org\apache\rocketmq\rocketmq-client\4.1.0-incubating\rocketmq-client-4.1.0-incubating.jar;D:\eclipse_maven\repository\org\slf4j\slf4j-api\1.7.25\slf4j-api-1.7.25.jar;D:\eclipse_maven\repository\org\apache\commons\commons-lang3\3.5\commons-lang3-3.5.jar;D:\eclipse_maven\repository\org\apache\rocketmq\rocketmq-common\4.1.0-incubating\rocketmq-common-4.1.0-incubating.jar;D:\eclipse_maven\repository\org\apache\rocketmq\rocketmq-remoting\4.1.0-incubating\rocketmq-remoting-4.1.0-incubating.jar;D:\eclipse_maven\repository\com\alibaba\fastjson\1.2.28\fastjson-1.2.28.jar;D:\eclipse_maven\repository\io\netty\netty-all\4.1.22.Final\netty-all-4.1.22.Final.jar;D:\eclipse_maven\repository\org\projectlombok\lombok\1.16.20\lombok-1.16.20.jar;D:\eclipse_maven\repository\org\springframework\boot\spring-boot-starter-data-mongodb\2.0.0.RELEASE\spring-boot-starter-data-mongodb-2.0.0.RELEASE.jar;D:\eclipse_maven\repository\org\mongodb\mongodb-driver\3.6.3\mongodb-driver-3.6.3.jar;D:\eclipse_maven\repository\org\mongodb\bson\3.6.3\bson-3.6.3.jar;D:\eclipse_maven\repository\org\mongodb\mongodb-driver-core\3.6.3\mongodb-driver-core-3.6.3.jar;D:\eclipse_maven\repository\org\springframework\data\spring-data-mongodb\2.0.5.RELEASE\spring-data-mongodb-2.0.5.RELEASE.jar;D:\eclipse_maven\repository\org\springframework\spring-tx\5.0.4.RELEASE\spring-tx-5.0.4.RELEASE.jar;D:\eclipse_maven\repository\org\springframework\spring-context\5.0.4.RELEASE\spring-context-5.0.4.RELEASE.jar;D:\eclipse_maven\repository\org\springframework\spring-beans\5.0.4.RELEASE\spring-beans-5.0.4.RELEASE.jar;D:\eclipse_maven\repository\org\springframework\spring-expression\5.0.4.RELEASE\spring-expression-5.0.4.RELEASE.jar;D:\eclipse_maven\repository\org\springframework\data\spring-data-commons\2.0.5.RELEASE\spring-data-commons-2.0.5.RELEASE.jar;D:\eclipse_maven\repository\org\apache\httpcomponents\httpclient\4.5.5\httpclient-4.5.5.jar;D:\eclipse_maven\repository\org\apache\httpcomponents\httpcore\4.4.9\httpcore-4.4.9.jar;D:\eclipse_maven\repository\commons-codec\commons-codec\1.11\commons-codec-1.11.jar;"/>
    <property name="java.vm.vendor" value="Oracle Corporation"/>
    <property name="sun.arch.data.model" value="64"/>
    <property name="user.variant" value=""/>
    <property name="java.vendor.url" value="http://java.oracle.com/"/>
    <property name="user.timezone" value=""/>
    <property name="java.vm.specification.version" value="1.8"/>
    <property name="os.name" value="Windows 7"/>
    <property name="user.country" value="CN"/>
    <property name="sun.java.launcher" value="SUN_STANDARD"/>
    <property name="sun.boot.library.path" value="D:\Program Files\Java\jdk1.8.0_121\jre\bin"/>
    <property name="sun.java.command" value="C:\Users\ADMINI~1\AppData\Local\Temp\surefire2051038195662409292\surefirebooter2798297737470523599.jar C:\Users\Administrator\AppData\Local\Temp\surefire2051038195662409292 2018-04-24T16-58-45_713-jvmRun1 surefire5641582378510755288tmp surefire_03574395744444618113tmp"/>
    <property name="surefire.test.class.path" value="C:\Users\Administrator\Documents\workspace-sts-3.9.0.RELEASE\scmobile-wechat\scmobile-test\target\test-classes;C:\Users\Administrator\Documents\workspace-sts-3.9.0.RELEASE\scmobile-wechat\scmobile-test\target\classes;D:\eclipse_maven\repository\junit\junit\3.8.1\junit-3.8.1.jar;C:\Users\Administrator\Documents\workspace-sts-3.9.0.RELEASE\scmobile-wechat\scmobile-core\target\scmobile-core-0.0.1-SNAPSHOT.jar;C:\Users\Administrator\Documents\workspace-sts-3.9.0.RELEASE\scmobile-wechat\scmobile-model\target\scmobile-model-0.0.1-SNAPSHOT.jar;D:\eclipse_maven\repository\org\springframework\boot\spring-boot-starter-data-jpa\2.0.0.RELEASE\spring-boot-starter-data-jpa-2.0.0.RELEASE.jar;D:\eclipse_maven\repository\org\springframework\boot\spring-boot-starter-aop\2.0.0.RELEASE\spring-boot-starter-aop-2.0.0.RELEASE.jar;D:\eclipse_maven\repository\org\springframework\spring-aop\5.0.4.RELEASE\spring-aop-5.0.4.RELEASE.jar;D:\eclipse_maven\repository\org\aspectj\aspectjweaver\1.8.13\aspectjweaver-1.8.13.jar;D:\eclipse_maven\repository\org\hibernate\hibernate-core\5.2.14.Final\hibernate-core-5.2.14.Final.jar;D:\eclipse_maven\repository\org\jboss\logging\jboss-logging\3.3.2.Final\jboss-logging-3.3.2.Final.jar;D:\eclipse_maven\repository\org\hibernate\javax\persistence\hibernate-jpa-2.1-api\1.0.0.Final\hibernate-jpa-2.1-api-1.0.0.Final.jar;D:\eclipse_maven\repository\org\javassist\javassist\3.22.0-GA\javassist-3.22.0-GA.jar;D:\eclipse_maven\repository\antlr\antlr\2.7.7\antlr-2.7.7.jar;D:\eclipse_maven\repository\org\jboss\jandex\2.0.3.Final\jandex-2.0.3.Final.jar;D:\eclipse_maven\repository\com\fasterxml\classmate\1.3.4\classmate-1.3.4.jar;D:\eclipse_maven\repository\dom4j\dom4j\1.6.1\dom4j-1.6.1.jar;D:\eclipse_maven\repository\org\hibernate\common\hibernate-commons-annotations\5.0.1.Final\hibernate-commons-annotations-5.0.1.Final.jar;D:\eclipse_maven\repository\javax\transaction\javax.transaction-api\1.2\javax.transaction-api-1.2.jar;D:\eclipse_maven\repository\org\springframework\data\spring-data-jpa\2.0.5.RELEASE\spring-data-jpa-2.0.5.RELEASE.jar;D:\eclipse_maven\repository\org\springframework\spring-orm\5.0.4.RELEASE\spring-orm-5.0.4.RELEASE.jar;D:\eclipse_maven\repository\org\springframework\spring-aspects\5.0.4.RELEASE\spring-aspects-5.0.4.RELEASE.jar;D:\eclipse_maven\repository\com\fasterxml\jackson\datatype\jackson-datatype-joda\2.9.4\jackson-datatype-joda-2.9.4.jar;D:\eclipse_maven\repository\com\fasterxml\jackson\core\jackson-annotations\2.9.0\jackson-annotations-2.9.0.jar;D:\eclipse_maven\repository\com\fasterxml\jackson\core\jackson-core\2.9.4\jackson-core-2.9.4.jar;D:\eclipse_maven\repository\com\fasterxml\jackson\core\jackson-databind\2.9.4\jackson-databind-2.9.4.jar;D:\eclipse_maven\repository\joda-time\joda-time\2.9.9\joda-time-2.9.9.jar;C:\Users\Administrator\Documents\workspace-sts-3.9.0.RELEASE\scmobile-wechat\scmobile-persist\target\scmobile-persist-0.0.1-SNAPSHOT.jar;D:\eclipse_maven\repository\mysql\mysql-connector-java\5.1.45\mysql-connector-java-5.1.45.jar;C:\Users\Administrator\Documents\workspace-sts-3.9.0.RELEASE\scmobile-wechat\scmobile-utils\target\scmobile-utils-0.0.1-SNAPSHOT.jar;D:\eclipse_maven\repository\org\apache\commons\commons-collections4\4.1\commons-collections4-4.1.jar;D:\eclipse_maven\repository\org\springframework\boot\spring-boot-starter-web\2.0.0.RELEASE\spring-boot-starter-web-2.0.0.RELEASE.jar;D:\eclipse_maven\repository\org\springframework\boot\spring-boot-starter-json\2.0.0.RELEASE\spring-boot-starter-json-2.0.0.RELEASE.jar;D:\eclipse_maven\repository\com\fasterxml\jackson\datatype\jackson-datatype-jdk8\2.9.4\jackson-datatype-jdk8-2.9.4.jar;D:\eclipse_maven\repository\com\fasterxml\jackson\datatype\jackson-datatype-jsr310\2.9.4\jackson-datatype-jsr310-2.9.4.jar;D:\eclipse_maven\repository\com\fasterxml\jackson\module\jackson-module-parameter-names\2.9.4\jackson-module-parameter-names-2.9.4.jar;D:\eclipse_maven\repository\org\springframework\boot\spring-boot-starter-tomcat\2.0.0.RELEASE\spring-boot-starter-tomcat-2.0.0.RELEASE.jar;D:\eclipse_maven\repository\org\apache\tomcat\embed\tomcat-embed-core\8.5.28\tomcat-embed-core-8.5.28.jar;D:\eclipse_maven\repository\org\apache\tomcat\embed\tomcat-embed-el\8.5.28\tomcat-embed-el-8.5.28.jar;D:\eclipse_maven\repository\org\apache\tomcat\embed\tomcat-embed-websocket\8.5.28\tomcat-embed-websocket-8.5.28.jar;D:\eclipse_maven\repository\org\hibernate\validator\hibernate-validator\6.0.7.Final\hibernate-validator-6.0.7.Final.jar;D:\eclipse_maven\repository\javax\validation\validation-api\2.0.1.Final\validation-api-2.0.1.Final.jar;D:\eclipse_maven\repository\org\springframework\spring-web\5.0.4.RELEASE\spring-web-5.0.4.RELEASE.jar;D:\eclipse_maven\repository\org\springframework\spring-webmvc\5.0.4.RELEASE\spring-webmvc-5.0.4.RELEASE.jar;D:\eclipse_maven\repository\commons-io\commons-io\2.4\commons-io-2.4.jar;D:\eclipse_maven\repository\bcprov-jdk15on\bcprov\1.51\bcprov-1.51.jar;D:\eclipse_maven\repository\bcprov-jdk15on\bcprov-ext-jdk15on\1.51\bcprov-ext-jdk15on-1.51.jar;D:\eclipse_maven\repository\BASE64Decode\BASE64Decode\1.0\BASE64Decode-1.0.jar;D:\eclipse_maven\repository\javabase64\javabase64\1.3.1\javabase64-1.3.1.jar;D:\eclipse_maven\repository\aopalliance\aopalliance\1.0\aopalliance-1.0.jar;D:\eclipse_maven\repository\commons-httpclient\commons-httpclient\3.1\commons-httpclient-3.1.jar;D:\eclipse_maven\repository\commons-logging\commons-logging\1.0.4\commons-logging-1.0.4.jar;D:\eclipse_maven\repository\com\google\code\gson\gson\2.8.2\gson-2.8.2.jar;D:\eclipse_maven\repository\org\mybatis\spring\boot\mybatis-spring-boot-starter\1.2.0\mybatis-spring-boot-starter-1.2.0.jar;D:\eclipse_maven\repository\org\mybatis\spring\boot\mybatis-spring-boot-autoconfigure\1.2.0\mybatis-spring-boot-autoconfigure-1.2.0.jar;D:\eclipse_maven\repository\org\mybatis\mybatis\3.4.2\mybatis-3.4.2.jar;D:\eclipse_maven\repository\org\mybatis\mybatis-spring\1.3.1\mybatis-spring-1.3.1.jar;D:\eclipse_maven\repository\org\springframework\boot\spring-boot-starter-data-redis\2.0.0.RELEASE\spring-boot-starter-data-redis-2.0.0.RELEASE.jar;D:\eclipse_maven\repository\org\springframework\data\spring-data-redis\2.0.5.RELEASE\spring-data-redis-2.0.5.RELEASE.jar;D:\eclipse_maven\repository\org\springframework\data\spring-data-keyvalue\2.0.5.RELEASE\spring-data-keyvalue-2.0.5.RELEASE.jar;D:\eclipse_maven\repository\org\springframework\spring-oxm\5.0.4.RELEASE\spring-oxm-5.0.4.RELEASE.jar;D:\eclipse_maven\repository\org\springframework\spring-context-support\5.0.4.RELEASE\spring-context-support-5.0.4.RELEASE.jar;D:\eclipse_maven\repository\io\lettuce\lettuce-core\5.0.2.RELEASE\lettuce-core-5.0.2.RELEASE.jar;D:\eclipse_maven\repository\io\projectreactor\reactor-core\3.1.5.RELEASE\reactor-core-3.1.5.RELEASE.jar;D:\eclipse_maven\repository\org\reactivestreams\reactive-streams\1.0.2\reactive-streams-1.0.2.jar;D:\eclipse_maven\repository\io\netty\netty-common\4.1.22.Final\netty-common-4.1.22.Final.jar;D:\eclipse_maven\repository\io\netty\netty-transport\4.1.22.Final\netty-transport-4.1.22.Final.jar;D:\eclipse_maven\repository\io\netty\netty-buffer\4.1.22.Final\netty-buffer-4.1.22.Final.jar;D:\eclipse_maven\repository\io\netty\netty-resolver\4.1.22.Final\netty-resolver-4.1.22.Final.jar;D:\eclipse_maven\repository\io\netty\netty-handler\4.1.22.Final\netty-handler-4.1.22.Final.jar;D:\eclipse_maven\repository\io\netty\netty-codec\4.1.22.Final\netty-codec-4.1.22.Final.jar;D:\eclipse_maven\repository\redis\clients\jedis\2.9.0\jedis-2.9.0.jar;D:\eclipse_maven\repository\org\apache\commons\commons-pool2\2.5.0\commons-pool2-2.5.0.jar;D:\eclipse_maven\repository\org\springframework\boot\spring-boot-autoconfigure\2.0.0.RELEASE\spring-boot-autoconfigure-2.0.0.RELEASE.jar;D:\eclipse_maven\repository\org\springframework\boot\spring-boot\2.0.0.RELEASE\spring-boot-2.0.0.RELEASE.jar;C:\Users\Administrator\Documents\workspace-sts-3.9.0.RELEASE\scmobile-wechat\scmobile-common\target\scmobile-common-0.0.1-SNAPSHOT.jar;D:\eclipse_maven\repository\org\springframework\boot\spring-boot-starter\2.0.0.RELEASE\spring-boot-starter-2.0.0.RELEASE.jar;D:\eclipse_maven\repository\org\springframework\boot\spring-boot-starter-logging\2.0.0.RELEASE\spring-boot-starter-logging-2.0.0.RELEASE.jar;D:\eclipse_maven\repository\ch\qos\logback\logback-classic\1.2.3\logback-classic-1.2.3.jar;D:\eclipse_maven\repository\ch\qos\logback\logback-core\1.2.3\logback-core-1.2.3.jar;D:\eclipse_maven\repository\org\apache\logging\log4j\log4j-to-slf4j\2.10.0\log4j-to-slf4j-2.10.0.jar;D:\eclipse_maven\repository\org\apache\logging\log4j\log4j-api\2.10.0\log4j-api-2.10.0.jar;D:\eclipse_maven\repository\org\slf4j\jul-to-slf4j\1.7.25\jul-to-slf4j-1.7.25.jar;D:\eclipse_maven\repository\javax\annotation\javax.annotation-api\1.3.2\javax.annotation-api-1.3.2.jar;D:\eclipse_maven\repository\org\springframework\spring-core\5.0.4.RELEASE\spring-core-5.0.4.RELEASE.jar;D:\eclipse_maven\repository\org\springframework\spring-jcl\5.0.4.RELEASE\spring-jcl-5.0.4.RELEASE.jar;D:\eclipse_maven\repository\org\yaml\snakeyaml\1.19\snakeyaml-1.19.jar;D:\eclipse_maven\repository\org\springframework\boot\spring-boot-starter-jdbc\2.0.0.RELEASE\spring-boot-starter-jdbc-2.0.0.RELEASE.jar;D:\eclipse_maven\repository\com\zaxxer\HikariCP\2.7.8\HikariCP-2.7.8.jar;D:\eclipse_maven\repository\org\springframework\spring-jdbc\5.0.4.RELEASE\spring-jdbc-5.0.4.RELEASE.jar;D:\eclipse_maven\repository\com\squareup\okhttp3\okhttp\3.3.1\okhttp-3.3.1.jar;D:\eclipse_maven\repository\com\squareup\okio\okio\1.8.0\okio-1.8.0.jar;D:\eclipse_maven\repository\org\apache\rocketmq\rocketmq-client\4.1.0-incubating\rocketmq-client-4.1.0-incubating.jar;D:\eclipse_maven\repository\org\slf4j\slf4j-api\1.7.25\slf4j-api-1.7.25.jar;D:\eclipse_maven\repository\org\apache\commons\commons-lang3\3.5\commons-lang3-3.5.jar;D:\eclipse_maven\repository\org\apache\rocketmq\rocketmq-common\4.1.0-incubating\rocketmq-common-4.1.0-incubating.jar;D:\eclipse_maven\repository\org\apache\rocketmq\rocketmq-remoting\4.1.0-incubating\rocketmq-remoting-4.1.0-incubating.jar;D:\eclipse_maven\repository\com\alibaba\fastjson\1.2.28\fastjson-1.2.28.jar;D:\eclipse_maven\repository\io\netty\netty-all\4.1.22.Final\netty-all-4.1.22.Final.jar;D:\eclipse_maven\repository\org\projectlombok\lombok\1.16.20\lombok-1.16.20.jar;D:\eclipse_maven\repository\org\springframework\boot\spring-boot-starter-data-mongodb\2.0.0.RELEASE\spring-boot-starter-data-mongodb-2.0.0.RELEASE.jar;D:\eclipse_maven\repository\org\mongodb\mongodb-driver\3.6.3\mongodb-driver-3.6.3.jar;D:\eclipse_maven\repository\org\mongodb\bson\3.6.3\bson-3.6.3.jar;D:\eclipse_maven\repository\org\mongodb\mongodb-driver-core\3.6.3\mongodb-driver-core-3.6.3.jar;D:\eclipse_maven\repository\org\springframework\data\spring-data-mongodb\2.0.5.RELEASE\spring-data-mongodb-2.0.5.RELEASE.jar;D:\eclipse_maven\repository\org\springframework\spring-tx\5.0.4.RELEASE\spring-tx-5.0.4.RELEASE.jar;D:\eclipse_maven\repository\org\springframework\spring-context\5.0.4.RELEASE\spring-context-5.0.4.RELEASE.jar;D:\eclipse_maven\repository\org\springframework\spring-beans\5.0.4.RELEASE\spring-beans-5.0.4.RELEASE.jar;D:\eclipse_maven\repository\org\springframework\spring-expression\5.0.4.RELEASE\spring-expression-5.0.4.RELEASE.jar;D:\eclipse_maven\repository\org\springframework\data\spring-data-commons\2.0.5.RELEASE\spring-data-commons-2.0.5.RELEASE.jar;D:\eclipse_maven\repository\org\apache\httpcomponents\httpclient\4.5.5\httpclient-4.5.5.jar;D:\eclipse_maven\repository\org\apache\httpcomponents\httpcore\4.4.9\httpcore-4.4.9.jar;D:\eclipse_maven\repository\commons-codec\commons-codec\1.11\commons-codec-1.11.jar;"/>
    <property name="sun.cpu.endian" value="little"/>
    <property name="user.home" value="C:\Users\Administrator"/>
    <property name="user.language" value="zh"/>
    <property name="java.specification.vendor" value="Oracle Corporation"/>
    <property name="java.home" value="D:\Program Files\Java\jdk1.8.0_121\jre"/>
    <property name="basedir" value="C:\Users\Administrator\Documents\workspace-sts-3.9.0.RELEASE\scmobile-wechat\scmobile-test"/>
    <property name="file.separator" value="\"/>
    <property name="line.separator" value="&#10;"/>
    <property name="java.vm.specification.vendor" value="Oracle Corporation"/>
    <property name="java.specification.name" value="Java Platform API Specification"/>
    <property name="java.awt.graphicsenv" value="sun.awt.Win32GraphicsEnvironment"/>
    <property name="surefire.real.class.path" value="C:\Users\ADMINI~1\AppData\Local\Temp\surefire2051038195662409292\surefirebooter2798297737470523599.jar"/>
    <property name="sun.boot.class.path" value="D:\Program Files\Java\jdk1.8.0_121\jre\lib\resources.jar;D:\Program Files\Java\jdk1.8.0_121\jre\lib\rt.jar;D:\Program Files\Java\jdk1.8.0_121\jre\lib\sunrsasign.jar;D:\Program Files\Java\jdk1.8.0_121\jre\lib\jsse.jar;D:\Program Files\Java\jdk1.8.0_121\jre\lib\jce.jar;D:\Program Files\Java\jdk1.8.0_121\jre\lib\charsets.jar;D:\Program Files\Java\jdk1.8.0_121\jre\lib\jfr.jar;D:\Program Files\Java\jdk1.8.0_121\jre\classes"/>
    <property name="user.script" value=""/>
    <property name="sun.management.compiler" value="HotSpot 64-Bit Tiered Compilers"/>
    <property name="java.runtime.version" value="1.8.0_121-b13"/>
    <property name="user.name" value="Administrator"/>
    <property name="path.separator" value=";"/>
    <property name="os.version" value="6.1"/>
    <property name="java.endorsed.dirs" value="D:\Program Files\Java\jdk1.8.0_121\jre\lib\endorsed"/>
    <property name="java.runtime.name" value="Java(TM) SE Runtime Environment"/>
    <property name="file.encoding" value="GBK"/>
    <property name="java.vm.name" value="Java HotSpot(TM) 64-Bit Server VM"/>
    <property name="localRepository" value="D:\eclipse_maven\repository"/>
    <property name="java.vendor.url.bug" value="http://bugreport.sun.com/bugreport/"/>
    <property name="java.io.tmpdir" value="C:\Users\ADMINI~1\AppData\Local\Temp\"/>
    <property name="java.version" value="1.8.0_121"/>
    <property name="user.dir" value="C:\Users\Administrator\Documents\workspace-sts-3.9.0.RELEASE\scmobile-wechat\scmobile-test"/>
    <property name="os.arch" value="amd64"/>
    <property name="java.vm.specification.name" value="Java Virtual Machine Specification"/>
    <property name="java.awt.printerjob" value="sun.awt.windows.WPrinterJob"/>
    <property name="sun.os.patch.level" value="Service Pack 1"/>
    <property name="java.library.path" value="D:\Program Files\Java\jdk1.8.0_121\jre\bin;C:\Windows\Sun\Java\bin;C:\Windows\system32;C:\Windows;C:\Windows\system32;C:\Windows;C:\Windows\System32\Wbem;C:\Program Files\Microsoft\Web Platform Installer\;C:\Program Files (x86)\Microsoft ASP.NET\ASP.NET Web Pages\v1.0\;C:\Program Files (x86)\Windows Kits\8.0\Windows Performance Toolkit\;C:\Program Files\Microsoft SQL Server\110\Tools\Binn\;D:\Program Files (x86)\Windows Kits\10\Windows Performance Toolkit\;C:\Program Files\Microsoft SQL Server\130\Tools\Binn\;D:\Program Files\Java\jdk1.8.0_121\bin;D:\eclipse_maven\apache-maven-3.5.0\bin;C:\Windows\System32\WindowsPowerShell\v1.0\;D:\Program Files\gradle-3.5-bin\bin;D:\Program Files\Python;D:\Program Files\Python\Scripts;D:\Program Files\ant-1.9.6\bin;C:\Program Files\Git\cmd;C:\PROGRA~2\IBM\IBMDAT~1\BIN;D:\Program Files\TortoiseSVN\bin;C:\Program Files\dotnet\;D:\Program Files\nodejs\;;C:\Program Files (x86)\SSH Communications Security\SSH Secure Shell;C:\Users\Administrator\AppData\Local\Programs\Fiddler;D:\Program Files\Microsoft VS Code\bin;C:\Users\Administrator\AppData\Roaming\npm;."/>
    <property name="java.vm.info" value="mixed mode"/>
    <property name="java.vendor" value="Oracle Corporation"/>
    <property name="java.vm.version" value="25.121-b13"/>
    <property name="java.ext.dirs" value="D:\Program Files\Java\jdk1.8.0_121\jre\lib\ext;C:\Windows\Sun\Java\lib\ext"/>
    <property name="sun.io.unicode.encoding" value="UnicodeLittle"/>
    <property name="java.class.version" value="52.0"/>
  </properties>
  <testcase name="testApp" classname="org.scmobile.test.AppTest" time="0.001"/>
</testsuite>